<?xml version="1.0" encoding="UTF-8"?>
<!-- Generated by org.testng.reporters.JUnitXMLReporter -->
<testsuite ignored="19" hostname="INBook_X1" failures="0" tests="1" name="Default test" time="46.085" errors="0" timestamp="2025-02-19T17:48:14 IST">
  <testcase classname="tests.DeliverableProgressTest" name="verifyAllLinkButtonsAndAdminSideDataShowingAndWorkingProperlyTest" time="16.627"/>
  <testcase classname="tests.DeliverableProgressTest" name="verifySubmittingPixelLessionWithMendetoryFieldTest" time="0.0">
    <ignored/>
  </testcase> <!-- verifySubmittingPixelLessionWithMendetoryFieldTest -->
  <testcase classname="tests.DeliverableProgressTest" name="verifySubmittingPixelLessionWithAllFieldTest" time="0.0">
    <ignored/>
  </testcase> <!-- verifySubmittingPixelLessionWithAllFieldTest -->
  <testcase classname="tests.DeliverableProgressTest" name="verifySecondStepDigitalProgrssWithOnlyMendetoryFieldTest" time="0.0">
    <ignored/>
  </testcase> <!-- verifySecondStepDigitalProgrssWithOnlyMendetoryFieldTest -->
  <testcase classname="tests.DeliverableProgressTest" name="verifySecondStepDigitalProgrssWithAllFieldAndYesAIInnovationTest" time="0.0">
    <ignored/>
  </testcase> <!-- verifySecondStepDigitalProgrssWithAllFieldAndYesAIInnovationTest -->
  <testcase classname="tests.DeliverableProgressTest" name="verifyFirstStepToEarnYourPixelWithVideoWatchTest" time="0.0">
    <ignored/>
  </testcase> <!-- verifyFirstStepToEarnYourPixelWithVideoWatchTest -->
  <testcase classname="tests.DeliverableProgressTest" name="verifyCompetenciesDropdownFunctionalityTest" time="0.0">
    <ignored/>
  </testcase> <!-- verifyCompetenciesDropdownFunctionalityTest -->
  <testcase classname="tests.DeliverableProgressTest" name="verifyAllButtonsWorkingInDigitalSectionTest" time="0.0">
    <ignored/>
  </testcase> <!-- verifyAllButtonsWorkingInDigitalSectionTest -->
  <testcase classname="tests.DeliverableProgressTest" name="verifyErrorMessageForMendetoryFieldInPixelManualTest" time="0.0">
    <ignored/>
  </testcase> <!-- verifyErrorMessageForMendetoryFieldInPixelManualTest -->
  <testcase classname="tests.DeliverableProgressTest" name="verifyFirstStepToEarnYourPixelWithValidCheatCodeTest" time="0.0">
    <ignored/>
  </testcase> <!-- verifyFirstStepToEarnYourPixelWithValidCheatCodeTest -->
  <testcase classname="tests.DeliverableProgressTest" name="verifyButtonsWorkingProperlyForPixelManualPopupTest" time="0.0">
    <ignored/>
  </testcase> <!-- verifyButtonsWorkingProperlyForPixelManualPopupTest -->
  <testcase classname="tests.DeliverableProgressTest" name="verifySecondStepDigitalProgrssWithAllFieldAndNoAIInnovationTest" time="0.0">
    <ignored/>
  </testcase> <!-- verifySecondStepDigitalProgrssWithAllFieldAndNoAIInnovationTest -->
  <testcase classname="tests.DeliverableProgressTest" name="verifyRoleMapNameShowingCorrectTest" time="0.0">
    <ignored/>
  </testcase> <!-- verifyRoleMapNameShowingCorrectTest -->
  <testcase classname="tests.DeliverableProgressTest" name="verifySecondStepDigitalProgrssMoreTimeToCompleteTestThenBeforeTest" time="0.0">
    <ignored/>
  </testcase> <!-- verifySecondStepDigitalProgrssMoreTimeToCompleteTestThenBeforeTest -->
  <testcase classname="tests.DeliverableProgressTest" name="verifyErrorMessageForPixelLessionOfAllWithYesNextPixelLessionFieldTest" time="0.0">
    <ignored/>
  </testcase> <!-- verifyErrorMessageForPixelLessionOfAllWithYesNextPixelLessionFieldTest -->
  <testcase classname="tests.DeliverableProgressTest" name="verifyFirstStepToEarnYourPixelWithInvalidCheatCodeTest" time="0.0">
    <ignored/>
  </testcase> <!-- verifyFirstStepToEarnYourPixelWithInvalidCheatCodeTest -->
  <testcase classname="tests.DeliverableProgressTest" name="errorMessageForMendteoyFieldInDigitalWithNoAIInnovationTest" time="0.0">
    <ignored/>
  </testcase> <!-- errorMessageForMendteoyFieldInDigitalWithNoAIInnovationTest -->
  <testcase classname="tests.DeliverableProgressTest" name="verifyErrorMessageForPixelLessionOfAllFieldTest" time="0.0">
    <ignored/>
  </testcase> <!-- verifyErrorMessageForPixelLessionOfAllFieldTest -->
  <testcase classname="tests.DeliverableProgressTest" name="errorMessageForMendteoyFieldInDigitalWithYesAIInnovationTest" time="0.0">
    <ignored/>
  </testcase> <!-- errorMessageForMendteoyFieldInDigitalWithYesAIInnovationTest -->
  <testcase classname="tests.DeliverableProgressTest" name="VerifyAllLinksWorkingProperlyOnAIRoleMapHeaderTest" time="0.0">
    <ignored/>
  </testcase> <!-- VerifyAllLinksWorkingProperlyOnAIRoleMapHeaderTest -->
</testsuite> <!-- Default test -->
