<?xml version="1.0" encoding="UTF-8"?>
<testng-results ignored="0" total="1" passed="1" failed="0" skipped="0">
  <reporter-output>
  </reporter-output>
  <suite started-at="2025-02-19T17:47:28 IST" name="Default suite" finished-at="2025-02-19T17:48:14 IST" duration-ms="46085">
    <groups>
    </groups>
    <test started-at="2025-02-19T17:47:28 IST" name="Default test" finished-at="2025-02-19T17:48:14 IST" duration-ms="46085">
      <class name="tests.DeliverableProgressTest">
        <test-method is-config="true" signature="setup()[pri:0, instance:tests.DeliverableProgressTest@4c583ecf]" started-at="2025-02-19T17:47:28 IST" name="setup" finished-at="2025-02-19T17:47:57 IST" duration-ms="28942" status="PASS">
          <reporter-output>
          </reporter-output>
        </test-method> <!-- setup -->
        <test-method signature="verifyAllLinkButtonsAndAdminSideDataShowingAndWorkingProperlyTest()[pri:19, instance:tests.DeliverableProgressTest@4c583ecf]" started-at="2025-02-19T17:47:57 IST" name="verifyAllLinkButtonsAndAdminSideDataShowingAndWorkingProperlyTest" finished-at="2025-02-19T17:48:14 IST" duration-ms="16627" status="PASS">
          <reporter-output>
          </reporter-output>
        </test-method> <!-- verifyAllLinkButtonsAndAdminSideDataShowingAndWorkingProperlyTest -->
        <test-method is-config="true" signature="teardown()[pri:0, instance:tests.DeliverableProgressTest@4c583ecf]" started-at="2025-02-19T17:48:14 IST" name="teardown" finished-at="2025-02-19T17:48:14 IST" duration-ms="451" status="PASS">
          <reporter-output>
          </reporter-output>
        </test-method> <!-- teardown -->
      </class> <!-- tests.DeliverableProgressTest -->
    </test> <!-- Default test -->
  </suite> <!-- Default suite -->
</testng-results>
